sample.interval=20000
"geti" "nextvert" "getvert" "getbox" "getbox_all" 
"getbox" "getbox_all" 
"matrix" "Qpivot" "nextvert" "getbound" "getbox" "getbox_all" 
"*" "getbound" "getbox" "getbox_all" 
"matrix" "Qpivot" "nextvert" "getbound" "getbox" "getbox_all" 
"trygetj" "getj" "nextvert" "getbound" "getbox" "getbox_all" 
"list" "Qpivot" "nextvert" "getvert" "getbox" "getbox_all" 
"which" "trygetj" "getj" "nextvert" "getbound" "getbox" "getbox_all" 
"matrix" "Qpivot" "nextvert" "getbound" "getbox" "getbox_all" 
"invperm" "getbox" "getbox_all" 
"swapel" "Qpivot" "nextvert" "getbound" "getbox" "getbox_all" 
"invperm" "getbox" "getbox_all" 
"sample.int" "resample" "trygetj" "getj" "nextvert" "getbound" "getbox" "getbox_all" 
"matrix" "Qpivot" "nextvert" "getbound" "getbox" "getbox_all" 
"which" "getbox" "getbox_all" 
"nextvert" "getbound" "getbox" "getbox_all" 
"Qpivot" "nextvert" "getbound" "getbox" "getbox_all" 
"geti" "nextvert" "getbound" "getbox" "getbox_all" 
"getbound" "getbox" "getbox_all" 
"getj" "nextvert" "getbound" "getbox" "getbox_all" 
"Qpivot" "nextvert" "getvert" "getbox" "getbox_all" 
"Qpivot" "nextvert" "getvert" "getbox" "getbox_all" 
"sample.int" "resample" "geti" "nextvert" "getbound" "getbox" "getbox_all" 
"Qpivot" "nextvert" "getbound" "getbox" "getbox_all" 
"matrix" "Qpivot" "nextvert" "getbound" "getbox" "getbox_all" 
"which" "trygetj" "getj" "nextvert" "getbound" "getbox" "getbox_all" 
"getbound" "getbox" "getbox_all" 
"matrix" "Qpivot" "nextvert" "getbound" "getbox" "getbox_all" 
"getj" "nextvert" "getbound" "getbox" "getbox_all" 
"matrix" "rbind" "getbox" "getbox_all" 
"which" "invperm" "getbox" "getbox_all" 
"matrix" "Qpivot" "nextvert" "getbound" "getbox" "getbox_all" 
"invperm" "getbox" "getbox_all" 
"invperm" "getbox" "getbox_all" 
"matrix" "rbind" "getbound" "getbox" "getbox_all" 
"swapro" "Qpivot" "nextvert" "getbound" "getbox" "getbox_all" 
"xpivot" "nextvert" "getbound" "getbox" "getbox_all" 
"Qpivot" "nextvert" "getbound" "getbox" "getbox_all" 
"/" "Qpivot" "nextvert" "getbound" "getbox" "getbox_all" 
"==" "nextvert" "getbound" "getbox" "getbox_all" 
"Qpivot" "nextvert" "getbound" "getbox" "getbox_all" 
"which" "invperm" "getbox" "getbox_all" 
"/" "Qpivot" "nextvert" "getbound" "getbox" "getbox_all" 
"getbound" "getbox" "getbox_all" 
"swapel" "Qpivot" "nextvert" "getbound" "getbox" "getbox_all" 
"Qpivot" "nextvert" "getbound" "getbox" "getbox_all" 
"invperm" "getbox" "getbox_all" 
"getj" "nextvert" "getbound" "getbox" "getbox_all" 
"getj" "nextvert" "getbound" "getbox" "getbox_all" 
"getbound" "getbox" "getbox_all" 
"Qpivot" "nextvert" "getbound" "getbox" "getbox_all" 
"/" "Qpivot" "nextvert" "getbound" "getbox" "getbox_all" 
">" "which" "trygetj" "getj" "nextvert" "getbound" "getbox" "getbox_all" 
"invperm" "getbox" "getbox_all" 
"matrix" "Qpivot" "nextvert" "getbound" "getbox" "getbox_all" 
"which" "resample" "geti" "nextvert" "getvert" "getbox" "getbox_all" 
"Qpivot" "nextvert" "getbound" "getbox" "getbox_all" 
"trygetj" "getj" "nextvert" "getbound" "getbox" "getbox_all" 
"invperm" "getbox" "getbox_all" 
"Qpivot" "nextvert" "getbound" "getbox" "getbox_all" 
"unique" "setdiff" "Qpivot" "nextvert" "getbound" "getbox" "getbox_all" 
"invperm" "getbox" "getbox_all" 
"which" "trygetj" "getj" "nextvert" "getbound" "getbox" "getbox_all" 
"invperm" "getbox" "getbox_all" 
"*" "getbound" "getbox" "getbox_all" 
"+" "matrix" "Qpivot" "nextvert" "getbound" "getbox" "getbox_all" 
"swapro" "Qpivot" "nextvert" "getbound" "getbox" "getbox_all" 
"matrix" "Qpivot" "nextvert" "getbound" "getbox" "getbox_all" 
"matrix" "rbind" "getbound" "getbox" "getbox_all" 
"==" "which" "invperm" "getbox" "getbox_all" 
"nextvert" "getbound" "getbox" "getbox_all" 
"/" "Qpivot" "nextvert" "getbound" "getbox" "getbox_all" 
"-" "Qpivot" "nextvert" "getbound" "getbox" "getbox_all" 
"Qpivot" "nextvert" "getbound" "getbox" "getbox_all" 
"Qpivot" "nextvert" "getbound" "getbox" "getbox_all" 
"swapro" "Qpivot" "nextvert" "getbound" "getbox" "getbox_all" 
"xpivot" "nextvert" "getbound" "getbox" "getbox_all" 
"resample" "trygetj" "getj" "nextvert" "getbound" "getbox" "getbox_all" 
"/" "xpivot" "nextvert" "getbound" "getbox" "getbox_all" 
"which" "nextvert" "getbound" "getbox" "getbox_all" 
"which" "geti" "nextvert" "getbound" "getbox" "getbox_all" 
"Qpivot" "nextvert" "getvert" "getbox" "getbox_all" 
"==" "which" "invperm" "getbox" "getbox_all" 
"xpivot" "nextvert" "getbound" "getbox" "getbox_all" 
"Qpivot" "nextvert" "getbound" "getbox" "getbox_all" 
"xpivot" "nextvert" "getbound" "getbox" "getbox_all" 
"getj" "nextvert" "getbound" "getbox" "getbox_all" 
"swapel" "Qpivot" "nextvert" "getbound" "getbox" "getbox_all" 
"Qpivot" "nextvert" "getbound" "getbox" "getbox_all" 
"Qpivot" "nextvert" "getbound" "getbox" "getbox_all" 
"*" "Qpivot" "nextvert" "getbound" "getbox" "getbox_all" 
"Qpivot" "nextvert" "getbound" "getbox" "getbox_all" 
"unique.default" "unique" "setdiff" "Qpivot" "nextvert" "getvert" "getbox" "getbox_all" 
"matrix" "Qpivot" "nextvert" "getbound" "getbox" "getbox_all" 
"Qpivot" "nextvert" "getbound" "getbox" "getbox_all" 
"sample.int" "resample" "trygetj" "getj" "nextvert" "getbound" "getbox" "getbox_all" 
"Qpivot" "nextvert" "getbound" "getbox" "getbox_all" 
"matrix" "Qpivot" "nextvert" "getbound" "getbox" "getbox_all" 
"which" "invperm" "getbox" "getbox_all" 
"Qpivot" "nextvert" "getbound" "getbox" "getbox_all" 
"matrix" "Qpivot" "nextvert" "getvert" "getbox" "getbox_all" 
"Qpivot" "nextvert" "getbound" "getbox" "getbox_all" 
"matrix" "Qpivot" "nextvert" "getbound" "getbox" "getbox_all" 
"invperm" "getbox" "getbox_all" 
"matrix" "Qpivot" "nextvert" "getbound" "getbox" "getbox_all" 
"as.vector" "setdiff" "Qpivot" "nextvert" "getvert" "getbox" "getbox_all" 
"invperm" "getbox" "getbox_all" 
"invperm" "getbox" "getbox_all" 
"swapel" "Qpivot" "nextvert" "getbound" "getbox" "getbox_all" 
"matrix" "Qpivot" "nextvert" "getbound" "getbox" "getbox_all" 
"swapel" "Qpivot" "nextvert" "getbound" "getbox" "getbox_all" 
"matrix" "rbind" "getbound" "getbox" "getbox_all" 
"getbound" "getbox" "getbox_all" 
"matrix" "Qpivot" "nextvert" "getbound" "getbox" "getbox_all" 
"which" "invperm" "getbox" "getbox_all" 
"nextvert" "getbound" "getbox" "getbox_all" 
"xpivot" "nextvert" "getbound" "getbox" "getbox_all" 
"ncol" "Qpivot" "nextvert" "getbound" "getbox" "getbox_all" 
"which" "geti" "nextvert" "getbound" "getbox" "getbox_all" 
"matrix" "Qpivot" "nextvert" "getbound" "getbox" "getbox_all" 
"matrix" "Qpivot" "nextvert" "getbound" "getbox" "getbox_all" 
"which" "invperm" "getbox" "getbox_all" 
"which" "nextvert" "getbound" "getbox" "getbox_all" 
"/" "Qpivot" "nextvert" "getbound" "getbox" "getbox_all" 
"matrix" "rbind" "getbound" "getbox" "getbox_all" 
"Qpivot" "nextvert" "getbound" "getbox" "getbox_all" 
"matrix" "Qpivot" "nextvert" "getbound" "getbox" "getbox_all" 
"/" "Qpivot" "nextvert" "getbound" "getbox" "getbox_all" 
"invperm" "getbox" "getbox_all" 
"==" "which" "nextvert" "getbound" "getbox" "getbox_all" 
"xpivot" "nextvert" "getbound" "getbox" "getbox_all" 
"matrix" "Qpivot" "nextvert" "getvert" "getbox" "getbox_all" 
"which" "invperm" "getbox" "getbox_all" 
"rbind" "Qpivot" "nextvert" "getbound" "getbox" "getbox_all" 
"invperm" "getbox" "getbox_all" 
"invperm" "getbox" "getbox_all" 
"Qpivot" "nextvert" "getbound" "getbox" "getbox_all" 
"list" "nextvert" "getbound" "getbox" "getbox_all" 
"matrix" "Qpivot" "nextvert" "getbound" "getbox" "getbox_all" 
"sample.int" "resample" "trygetj" "getj" "nextvert" "getbound" "getbox" "getbox_all" 
"xpivot" "nextvert" "getbound" "getbox" "getbox_all" 
"swapro" "Qpivot" "nextvert" "getbound" "getbox" "getbox_all" 
"which" "invperm" "getbox" "getbox_all" 
"matrix" "Qpivot" "nextvert" "getvert" "getbox" "getbox_all" 
"matrix" "Qpivot" "nextvert" "getbound" "getbox" "getbox_all" 
"trygetj" "getj" "nextvert" "getbound" "getbox" "getbox_all" 
"invperm" "getbox" "getbox_all" 
"nextvert" "getbound" "getbox" "getbox_all" 
"invperm" "getbox" "getbox_all" 
"matrix" "Qpivot" "nextvert" "getbound" "getbox" "getbox_all" 
"==" "which" "invperm" "getbox" "getbox_all" 
"Qpivot" "nextvert" "getbound" "getbox" "getbox_all" 
"matrix" "Qpivot" "nextvert" "getbound" "getbox" "getbox_all" 
"Qpivot" "nextvert" "getbound" "getbox" "getbox_all" 
"Qpivot" "nextvert" "getbound" "getbox" "getbox_all" 
"sample.int" "resample" "geti" "nextvert" "getbound" "getbox" "getbox_all" 
"invperm" "getbox" "getbox_all" 
"list" "getj" "nextvert" "getbound" "getbox" "getbox_all" 
"matrix" "Qpivot" "nextvert" "getbound" "getbox" "getbox_all" 
"matrix" "Qpivot" "nextvert" "getbound" "getbox" "getbox_all" 
"invperm" "getbox" "getbox_all" 
"+" "matrix" "Qpivot" "nextvert" "getbound" "getbox" "getbox_all" 
"list" "getbox" "getbox_all" 
"geti" "nextvert" "getvert" "getbox" "getbox_all" 
"which" "nextvert" "getbound" "getbox" "getbox_all" 
"xpivot" "nextvert" "getbound" "getbox" "getbox_all" 
"matrix" "Qpivot" "nextvert" "getvert" "getbox" "getbox_all" 
"min" "getvert" "getbox" "getbox_all" 
"invperm" "getbox" "getbox_all" 
"Qpivot" "nextvert" "getbound" "getbox" "getbox_all" 
"rbind" "getbound" "getbox" "getbox_all" 
"-" "Qpivot" "nextvert" "getbound" "getbox" "getbox_all" 
"list" "nextvert" "getbound" "getbox" "getbox_all" 
"which" "nextvert" "getbound" "getbox" "getbox_all" 
"getvert" "getbox" "getbox_all" 
"geti" "nextvert" "getbound" "getbox" "getbox_all" 
"matrix" "Qpivot" "nextvert" "getbound" "getbox" "getbox_all" 
"invperm" "getbox" "getbox_all" 
"geti" "nextvert" "getbound" "getbox" "getbox_all" 
"getbound" "getbox" "getbox_all" 
"which" "invperm" "getbox" "getbox_all" 
"swapro" "Qpivot" "nextvert" "getbound" "getbox" "getbox_all" 
"Qpivot" "nextvert" "getbound" "getbox" "getbox_all" 
"Qpivot" "nextvert" "getbound" "getbox" "getbox_all" 
"getbox" "getbox_all" 
"nextvert" "getbound" "getbox" "getbox_all" 
"getbound" "getbox" "getbox_all" 
"getbound" "getbox" "getbox_all" 
"invperm" "getbox" "getbox_all" 
"as.matrix.default" "as.matrix" "solve.default" "solve" "getpv" "getbox" "getbox_all" 
"==" "which" "invperm" "getbox" "getbox_all" 
"Qpivot" "nextvert" "getbound" "getbox" "getbox_all" 
"list" "nextvert" "getbound" "getbox" "getbox_all" 
"Qpivot" "nextvert" "getbound" "getbox" "getbox_all" 
"getj" "nextvert" "getbound" "getbox" "getbox_all" 
"which" "invperm" "getbox" "getbox_all" 
"Qpivot" "nextvert" "getbound" "getbox" "getbox_all" 
"which" "trygetj" "getj" "nextvert" "getbound" "getbox" "getbox_all" 
"xpivot" "nextvert" "getbound" "getbox" "getbox_all" 
"Qpivot" "nextvert" "getbound" "getbox" "getbox_all" 
"which" "invperm" "getbox" "getbox_all" 
"Qpivot" "nextvert" "getbound" "getbox" "getbox_all" 
"swapro" "Qpivot" "nextvert" "getbound" "getbox" "getbox_all" 
"list" "getj" "nextvert" "getbound" "getbox" "getbox_all" 
"matrix" "Qpivot" "nextvert" "getbound" "getbox" "getbox_all" 
"matrix" "Qpivot" "nextvert" "getvert" "getbox" "getbox_all" 
"rbind" "getbound" "getbox" "getbox_all" 
"unique" "setdiff" "Qpivot" "nextvert" "getbound" "getbox" "getbox_all" 
"which" "nextvert" "getbound" "getbox" "getbox_all" 
"Qpivot" "nextvert" "getbound" "getbox" "getbox_all" 
"Qpivot" "nextvert" "getbound" "getbox" "getbox_all" 
"Qpivot" "nextvert" "getbound" "getbox" "getbox_all" 
"matrix" "Qpivot" "nextvert" "getbound" "getbox" "getbox_all" 
"Qpivot" "nextvert" "getvert" "getbox" "getbox_all" 
"diag" "getbox" "getbox_all" 
"matrix" "rbind" "getbound" "getbox" "getbox_all" 
"matrix" "Qpivot" "nextvert" "getvert" "getbox" "getbox_all" 
"Qpivot" "nextvert" "getbound" "getbox" "getbox_all" 
"Qpivot" "nextvert" "getvert" "getbox" "getbox_all" 
"*" "which" "geti" "nextvert" "getbound" "getbox" "getbox_all" 
"Qpivot" "nextvert" "getbound" "getbox" "getbox_all" 
"invperm" "getbox" "getbox_all" 
"Qpivot" "nextvert" "getbound" "getbox" "getbox_all" 
"unique" "setdiff" "Qpivot" "nextvert" "getbound" "getbox" "getbox_all" 
"Qpivot" "nextvert" "getvert" "getbox" "getbox_all" 
"unique" "setdiff" "Qpivot" "nextvert" "getvert" "getbox" "getbox_all" 
"which" "trygetj" "getj" "nextvert" "getbound" "getbox" "getbox_all" 
"list" "getbound" "getbox" "getbox_all" 
"invperm" "getbox" "getbox_all" 
"getbound" "getbox" "getbox_all" 
"Qpivot" "nextvert" "getbound" "getbox" "getbox_all" 
"list" "getj" "nextvert" "getbound" "getbox" "getbox_all" 
"invperm" "getbox" "getbox_all" 
"-" "Qpivot" "nextvert" "getvert" "getbox" "getbox_all" 
"which" "resample" "geti" "nextvert" "getbound" "getbox" "getbox_all" 
"which" "getbound" "getbox" "getbox_all" 
"Qpivot" "nextvert" "getvert" "getbox" "getbox_all" 
"Qpivot" "nextvert" "getvert" "getbox" "getbox_all" 
"Qpivot" "nextvert" "getbound" "getbox" "getbox_all" 
"list" "nextvert" "getbound" "getbox" "getbox_all" 
"which" "invperm" "getbox" "getbox_all" 
"invperm" "getbox" "getbox_all" 
"matrix" "Qpivot" "nextvert" "getbound" "getbox" "getbox_all" 
"*" "which" "geti" "nextvert" "getvert" "getbox" "getbox_all" 
"matrix" "Qpivot" "nextvert" "getbound" "getbox" "getbox_all" 
"Qpivot" "nextvert" "getvert" "getbox" "getbox_all" 
"swapel" "Qpivot" "nextvert" "getbound" "getbox" "getbox_all" 
"matrix" "rbind" "getbound" "getbox" "getbox_all" 
"==" "which" "invperm" "getbox" "getbox_all" 
"Qpivot" "nextvert" "getbound" "getbox" "getbox_all" 
"getj" "nextvert" "getbound" "getbox" "getbox_all" 
"*" "getbound" "getbox" "getbox_all" 
"rbind" "Qpivot" "nextvert" "getbound" "getbox" "getbox_all" 
"which" "getbound" "getbox" "getbox_all" 
"getbound" "getbox" "getbox_all" 
"invperm" "getbox" "getbox_all" 
"invperm" "getbox" "getbox_all" 
"Qpivot" "nextvert" "getbound" "getbox" "getbox_all" 
"list" "getbound" "getbox" "getbox_all" 
"ncol" "matrix" "rbind" "getbound" "getbox" "getbox_all" 
"rbind" "getbox" "getbox_all" 
"getj" "nextvert" "getbound" "getbox" "getbox_all" 
"invperm" "getbox" "getbox_all" 
"rbind" "Qpivot" "nextvert" "getbound" "getbox" "getbox_all" 
"which" "invperm" "getbox" "getbox_all" 
"invperm" "getbox" "getbox_all" 
"Qpivot" "nextvert" "getbound" "getbox" "getbox_all" 
"matrix" "Qpivot" "nextvert" "getbound" "getbox" "getbox_all" 
"*" "getbound" "getbox" "getbox_all" 
"which" "invperm" "getbox" "getbox_all" 
"list" "getj" "nextvert" "getbound" "getbox" "getbox_all" 
"which" "invperm" "getbox" "getbox_all" 
"unique" "setdiff" "Qpivot" "nextvert" "getbound" "getbox" "getbox_all" 
"matrix" "Qpivot" "nextvert" "getvert" "getbox" "getbox_all" 
"rbind" "Qpivot" "nextvert" "getbound" "getbox" "getbox_all" 
"+" "xpivot" "nextvert" "getbound" "getbox" "getbox_all" 
"invperm" "getbox" "getbox_all" 
"max" "geti" "nextvert" "getbound" "getbox" "getbox_all" 
"nextvert" "getbound" "getbox" "getbox_all" 
"invperm" "getbox" "getbox_all" 
"matrix" "Qpivot" "nextvert" "getbound" "getbox" "getbox_all" 
"getj" "nextvert" "getbound" "getbox" "getbox_all" 
"invperm" "getbox" "getbox_all" 
"Qpivot" "nextvert" "getbound" "getbox" "getbox_all" 
"Qpivot" "nextvert" "getbound" "getbox" "getbox_all" 
"Qpivot" "nextvert" "getbound" "getbox" "getbox_all" 
"getpv" "getbox" "getbox_all" 
"matrix" "Qpivot" "nextvert" "getbound" "getbox" "getbox_all" 
"getbound" "getbox" "getbox_all" 
"rbind" "getbox" "getbox_all" 
"invperm" "getbox" "getbox_all" 
"Qpivot" "nextvert" "getvert" "getbox" "getbox_all" 
"+" "swapel" "Qpivot" "nextvert" "getbound" "getbox" "getbox_all" 
"solve.default" "solve" "getpv" "getbox" "getbox_all" 
"swapro" "Qpivot" "nextvert" "getbound" "getbox" "getbox_all" 
"unique" "setdiff" "Qpivot" "nextvert" "getbound" "getbox" "getbox_all" 
"which" "invperm" "getbox" "getbox_all" 
"rbind" "getbound" "getbox" "getbox_all" 
"matrix" "Qpivot" "nextvert" "getbound" "getbox" "getbox_all" 
"unique" "setdiff" "Qpivot" "nextvert" "getbound" "getbox" "getbox_all" 
"<" "getj" "nextvert" "getbound" "getbox" "getbox_all" 
"Qpivot" "nextvert" "getbound" "getbox" "getbox_all" 
"which" "trygetj" "getj" "nextvert" "getbound" "getbox" "getbox_all" 
"matrix" "Qpivot" "nextvert" "getbound" "getbox" "getbox_all" 
"+" "matrix" "Qpivot" "nextvert" "getbound" "getbox" "getbox_all" 
"matrix" "Qpivot" "nextvert" "getbound" "getbox" "getbox_all" 
"invperm" "getbox" "getbox_all" 
"getj" "nextvert" "getbound" "getbox" "getbox_all" 
"rbind" "getbound" "getbox" "getbox_all" 
"matrix" "Qpivot" "nextvert" "getbound" "getbox" "getbox_all" 
"matrix" "rbind" "getbound" "getbox" "getbox_all" 
"nextvert" "getbound" "getbox" "getbox_all" 
"matrix" "Qpivot" "nextvert" "getvert" "getbox" "getbox_all" 
"getbound" "getbox" "getbox_all" 
"==" "which" "invperm" "getbox" "getbox_all" 
"getbound" "getbox" "getbox_all" 
"which" "invperm" "getbox" "getbox_all" 
"Qpivot" "nextvert" "getvert" "getbox" "getbox_all" 
"nextvert" "getvert" "getbox" "getbox_all" 
"getj" "nextvert" "getbound" "getbox" "getbox_all" 
"matrix" "Qpivot" "nextvert" "getbound" "getbox" "getbox_all" 
"matrix" "Qpivot" "nextvert" "getbound" "getbox" "getbox_all" 
"matrix" "rbind" "getbound" "getbox" "getbox_all" 
"getj" "nextvert" "getbound" "getbox" "getbox_all" 
"matrix" "Qpivot" "nextvert" "getbound" "getbox" "getbox_all" 
"rbind" "getbound" "getbox" "getbox_all" 
"rbind" "getbound" "getbox" "getbox_all" 
"matrix" "Qpivot" "nextvert" "getbound" "getbox" "getbox_all" 
"Qpivot" "nextvert" "getbound" "getbox" "getbox_all" 
"matrix" "Qpivot" "nextvert" "getbound" "getbox" "getbox_all" 
"Qpivot" "nextvert" "getbound" "getbox" "getbox_all" 
"matrix" "Qpivot" "nextvert" "getbound" "getbox" "getbox_all" 
"which" "nextvert" "getbound" "getbox" "getbox_all" 
